<?xml version="1.0" encoding="utf-8"?><testsuites name="pytest tests"><testsuite name="pytest" errors="0" failures="0" skipped="0" tests="4" time="2.644" timestamp="2026-08-09T17:22:36.035389+00:00" hostname="agent-env-7fad3997-7a96-4f24-92de-402d2e44e4c6"><testcase classname="tests.backend_test" name="test_root_healthy" time="0.189" /><testcase classname="tests.backend_test" name="test_contact_submission_and_persistence" time="1.764" /><testcase classname="tests.backend_test" name="test_contact_invalid_email_rejected" time="0.048" /><testcase classname="tests.backend_test" name="test_root_still_alive_after_validation" time="0.046" /></testsuite></testsuites>